  % Total    % Received % Xferd  Average Speed   Time    Time     Time  Current
                                 Dload  Upload   Total   Spent    Left  Speed

  0     0    0     0    0     0      0      0 --:--:-- --:--:-- --:--:--     0*   Trying 18.119.13.39...
* TCP_NODELAY set
* Connected to ec2-18-119-13-39.us-east-2.compute.amazonaws.com (18.119.13.39) port 80 (#0)
> GET / HTTP/1.1
> Host: ec2-18-119-13-39.us-east-2.compute.amazonaws.com
> User-Agent: curl/7.64.1
> Accept: */*
> Cookie: login=eyJ1c2VybmFtZSI6ImF3ZGVvcmlvIn0.YWx34A.we5E2rMwWjoqtVurSil4hvydzDE
> 
< HTTP/1.1 200 OK
< Server: nginx/1.18.0 (Ubuntu)
< Date: Sun, 17 Oct 2021 19:24:17 GMT
< Content-Type: text/html; charset=utf-8
< Content-Length: 1746
< Connection: keep-alive
< Vary: Cookie
< 
{ [1746 bytes data]

100  1746  100  1746    0     0  22101      0 --:--:-- --:--:-- --:--:-- 22101
* Connection #0 to host ec2-18-119-13-39.us-east-2.compute.amazonaws.com left intact
* Closing connection 0
