  % Total    % Received % Xferd  Average Speed   Time    Time     Time  Current
                                 Dload  Upload   Total   Spent    Left  Speed

  0     0    0     0    0     0      0      0 --:--:-- --:--:-- --:--:--     0*   Trying 18.119.13.39...
* TCP_NODELAY set
* Connected to ec2-18-119-13-39.us-east-2.compute.amazonaws.com (18.119.13.39) port 80 (#0)
> GET /static/js/bundle.js HTTP/1.1
> Host: ec2-18-119-13-39.us-east-2.compute.amazonaws.com
> User-Agent: curl/7.64.1
> Accept: */*
> Cookie: login=eyJ1c2VybmFtZSI6ImF3ZGVvcmlvIn0.YWx34A.we5E2rMwWjoqtVurSil4hvydzDE
> 
< HTTP/1.1 200 OK
< Server: nginx/1.18.0 (Ubuntu)
< Date: Sun, 17 Oct 2021 19:24:34 GMT
< Content-Type: application/javascript; charset=utf-8
< Content-Length: 1624771
< Connection: keep-alive
< Content-Disposition: inline; filename=bundle.js
< Last-Modified: Sun, 17 Oct 2021 18:22:18 GMT
< Cache-Control: no-cache
< 
{ [4035 bytes data]

100 1586k  100 1586k    0     0  4444k      0 --:--:-- --:--:-- --:--:-- 4444k
* Connection #0 to host ec2-18-119-13-39.us-east-2.compute.amazonaws.com left intact
* Closing connection 0
